<?xml version="1.0" encoding="UTF-8"?>
<testsuite name="org.example.springboot.domain.posts.PostsRepositoryTest" tests="2" skipped="0" failures="0" errors="0" timestamp="2020-11-30T12:00:14" hostname="DESKTOP-NPIBRQ7" time="0.185">
  <properties/>
  <testcase name="게시글저장_불러오기" classname="org.example.springboot.domain.posts.PostsRepositoryTest" time="0.176"/>
  <testcase name="BaseTimeEntity_등록" classname="org.example.springboot.domain.posts.PostsRepositoryTest" time="0.008"/>
  <system-out><![CDATA[2020-11-30 21:00:10.587  INFO 10916 --- [    Test worker] .b.t.c.SpringBootTestContextBootstrapper : Neither @ContextConfiguration nor @ContextHierarchy found for test class [org.example.springboot.domain.posts.PostsRepositoryTest], using SpringBootContextLoader
2020-11-30 21:00:10.587  INFO 10916 --- [    Test worker] o.s.t.c.support.AbstractContextLoader    : Could not detect default resource locations for test class [org.example.springboot.domain.posts.PostsRepositoryTest]: no resource found for suffixes {-context.xml, Context.groovy}.
2020-11-30 21:00:10.587  INFO 10916 --- [    Test worker] t.c.s.AnnotationConfigContextLoaderUtils : Could not detect default configuration classes for test class [org.example.springboot.domain.posts.PostsRepositoryTest]: PostsRepositoryTest does not declare any static, non-private, non-final, nested classes annotated with @Configuration.
2020-11-30 21:00:10.603  INFO 10916 --- [    Test worker] .b.t.c.SpringBootTestContextBootstrapper : Found @SpringBootConfiguration org.example.springboot.Application for test class org.example.springboot.domain.posts.PostsRepositoryTest
2020-11-30 21:00:10.603  INFO 10916 --- [    Test worker] .b.t.c.SpringBootTestContextBootstrapper : Loaded default TestExecutionListener class names from location [META-INF/spring.factories]: [org.springframework.security.test.context.support.WithSecurityContextTestExecutionListener, org.springframework.security.test.context.support.ReactorContextTestExecutionListener, org.springframework.boot.test.autoconfigure.restdocs.RestDocsTestExecutionListener, org.springframework.boot.test.autoconfigure.web.client.MockRestServiceServerResetTestExecutionListener, org.springframework.boot.test.autoconfigure.web.servlet.MockMvcPrintOnlyOnFailureTestExecutionListener, org.springframework.boot.test.autoconfigure.web.servlet.WebDriverTestExecutionListener, org.springframework.boot.test.mock.mockito.MockitoTestExecutionListener, org.springframework.boot.test.mock.mockito.ResetMocksTestExecutionListener, org.springframework.test.context.web.ServletTestExecutionListener, org.springframework.test.context.support.DirtiesContextBeforeModesTestExecutionListener, org.springframework.test.context.support.DependencyInjectionTestExecutionListener, org.springframework.test.context.support.DirtiesContextTestExecutionListener, org.springframework.test.context.transaction.TransactionalTestExecutionListener, org.springframework.test.context.jdbc.SqlScriptsTestExecutionListener]
2020-11-30 21:00:10.603  INFO 10916 --- [    Test worker] .b.t.c.SpringBootTestContextBootstrapper : Using TestExecutionListeners: [org.springframework.test.context.web.ServletTestExecutionListener@71c13ca1, org.springframework.test.context.support.DirtiesContextBeforeModesTestExecutionListener@582021f6, org.springframework.boot.test.mock.mockito.MockitoTestExecutionListener@59f3caea, org.springframework.boot.test.autoconfigure.SpringBootDependencyInjectionTestExecutionListener@ae3783c, org.springframework.test.context.support.DirtiesContextTestExecutionListener@723f69f5, org.springframework.test.context.transaction.TransactionalTestExecutionListener@2b49c9d5, org.springframework.test.context.jdbc.SqlScriptsTestExecutionListener@6c2ae2cc, org.springframework.security.test.context.support.WithSecurityContextTestExecutionListener@7d1955ed, org.springframework.security.test.context.support.ReactorContextTestExecutionListener@7460eb7a, org.springframework.boot.test.autoconfigure.restdocs.RestDocsTestExecutionListener@11828342, org.springframework.boot.test.autoconfigure.web.client.MockRestServiceServerResetTestExecutionListener@2a852f3c, org.springframework.boot.test.autoconfigure.web.servlet.MockMvcPrintOnlyOnFailureTestExecutionListener@1d84b1bc, org.springframework.boot.test.autoconfigure.web.servlet.WebDriverTestExecutionListener@6eccb24d, org.springframework.boot.test.mock.mockito.ResetMocksTestExecutionListener@6bd1b445]

  .   ____          _            __ _ _
 /\\ / ___'_ __ _ _(_)_ __  __ _ \ \ \ \
( ( )\___ | '_ | '_| | '_ \/ _` | \ \ \ \
 \\/  ___)| |_)| | | | | || (_| |  ) ) ) )
  '  |____| .__|_| |_|_| |_\__, | / / / /
 =========|_|==============|___/=/_/_/_/
 :: Spring Boot ::        (v2.1.7.RELEASE)

2020-11-30 21:00:10.619  INFO 10916 --- [    Test worker] o.e.s.domain.posts.PostsRepositoryTest   : Starting PostsRepositoryTest on DESKTOP-NPIBRQ7 with PID 10916 (started by Koo in C:\Users\Koo\IdeaProjects\test-pjt)
2020-11-30 21:00:10.619  INFO 10916 --- [    Test worker] o.e.s.domain.posts.PostsRepositoryTest   : No active profile set, falling back to default profiles: default
2020-11-30 21:00:11.009  INFO 10916 --- [    Test worker] .s.d.r.c.RepositoryConfigurationDelegate : Bootstrapping Spring Data repositories in DEFAULT mode.
2020-11-30 21:00:11.087  INFO 10916 --- [    Test worker] .s.d.r.c.RepositoryConfigurationDelegate : Finished Spring Data repository scanning in 78ms. Found 2 repository interfaces.
2020-11-30 21:00:11.337  INFO 10916 --- [    Test worker] trationDelegate$BeanPostProcessorChecker : Bean 'org.springframework.transaction.annotation.ProxyTransactionManagementConfiguration' of type [org.springframework.transaction.annotation.ProxyTransactionManagementConfiguration$$EnhancerBySpringCGLIB$$c8094169] is not eligible for getting processed by all BeanPostProcessors (for example: not eligible for auto-proxying)
2020-11-30 21:00:11.478  INFO 10916 --- [    Test worker] com.zaxxer.hikari.HikariDataSource       : HikariPool-1 - Starting...
2020-11-30 21:00:11.665  INFO 10916 --- [    Test worker] com.zaxxer.hikari.HikariDataSource       : HikariPool-1 - Start completed.
2020-11-30 21:00:11.759  INFO 10916 --- [    Test worker] o.hibernate.jpa.internal.util.LogHelper  : HHH000204: Processing PersistenceUnitInfo [
	name: default
	...]
2020-11-30 21:00:11.837  INFO 10916 --- [    Test worker] org.hibernate.Version                    : HHH000412: Hibernate Core {5.3.10.Final}
2020-11-30 21:00:11.837  INFO 10916 --- [    Test worker] org.hibernate.cfg.Environment            : HHH000206: hibernate.properties not found
2020-11-30 21:00:11.915  INFO 10916 --- [    Test worker] o.hibernate.annotations.common.Version   : HCANN000001: Hibernate Commons Annotations {5.0.4.Final}
2020-11-30 21:00:12.087  INFO 10916 --- [    Test worker] org.hibernate.dialect.Dialect            : HHH000400: Using dialect: org.hibernate.dialect.MySQL5InnoDBDialect
Hibernate: drop table if exists posts
Hibernate: drop table if exists user
Hibernate: create table posts (id bigint not null auto_increment, created_date datetime, modified_date datetime, author varchar(255), content TEXT not null, title varchar(500) not null, primary key (id)) engine=InnoDB
Hibernate: create table user (id bigint not null auto_increment, created_date datetime, modified_date datetime, email varchar(255) not null, name varchar(255) not null, picture varchar(255), role varchar(255) not null, primary key (id)) engine=InnoDB
2020-11-30 21:00:12.931  INFO 10916 --- [    Test worker] o.h.t.schema.internal.SchemaCreatorImpl  : HHH000476: Executing import script 'org.hibernate.tool.schema.internal.exec.ScriptSourceInputNonExistentImpl@4ab7b6b3'
2020-11-30 21:00:12.931  INFO 10916 --- [    Test worker] j.LocalContainerEntityManagerFactoryBean : Initialized JPA EntityManagerFactory for persistence unit 'default'
2020-11-30 21:00:13.416  INFO 10916 --- [    Test worker] o.h.h.i.QueryTranslatorFactoryInitiator  : HHH000397: Using ASTQueryTranslatorFactory
2020-11-30 21:00:13.744  INFO 10916 --- [    Test worker] o.s.s.web.DefaultSecurityFilterChain     : Creating filter chain: any request, [org.springframework.security.web.context.request.async.WebAsyncManagerIntegrationFilter@10cbde0a, org.springframework.security.web.context.SecurityContextPersistenceFilter@5c4593dd, org.springframework.security.web.header.HeaderWriterFilter@42b091f9, org.springframework.security.web.authentication.logout.LogoutFilter@6329dd69, org.springframework.security.oauth2.client.web.OAuth2AuthorizationRequestRedirectFilter@588e0230, org.springframework.security.oauth2.client.web.OAuth2LoginAuthenticationFilter@72dec2, org.springframework.security.web.authentication.ui.DefaultLoginPageGeneratingFilter@13827fbf, org.springframework.security.web.authentication.ui.DefaultLogoutPageGeneratingFilter@1bddd5ce, org.springframework.security.web.savedrequest.RequestCacheAwareFilter@514faa1e, org.springframework.security.web.servletapi.SecurityContextHolderAwareRequestFilter@17b6c697, org.springframework.security.web.authentication.AnonymousAuthenticationFilter@dcf9cb9, org.springframework.security.web.session.SessionManagementFilter@752e33c5, org.springframework.security.web.access.ExceptionTranslationFilter@6b2cc57e, org.springframework.security.web.access.intercept.FilterSecurityInterceptor@374f4674]
2020-11-30 21:00:14.103  INFO 10916 --- [    Test worker] o.s.s.concurrent.ThreadPoolTaskExecutor  : Initializing ExecutorService 'applicationTaskExecutor'
2020-11-30 21:00:14.119  WARN 10916 --- [    Test worker] aWebConfiguration$JpaWebMvcConfiguration : spring.jpa.open-in-view is enabled by default. Therefore, database queries may be performed during view rendering. Explicitly configure spring.jpa.open-in-view to disable this warning
2020-11-30 21:00:14.150  INFO 10916 --- [    Test worker] o.s.b.a.w.s.WelcomePageHandlerMapping    : Adding welcome page template: index
2020-11-30 21:00:14.588  INFO 10916 --- [    Test worker] s.a.ScheduledAnnotationBeanPostProcessor : No TaskScheduler/ScheduledExecutorService bean found for scheduled processing
2020-11-30 21:00:14.603  INFO 10916 --- [    Test worker] o.e.s.domain.posts.PostsRepositoryTest   : Started PostsRepositoryTest in 4.0 seconds (JVM running for 7.516)
Hibernate: insert into posts (created_date, modified_date, author, content, title) values (?, ?, ?, ?, ?)
Hibernate: select posts0_.id as id1_0_, posts0_.created_date as created_2_0_, posts0_.modified_date as modified3_0_, posts0_.author as author4_0_, posts0_.content as content5_0_, posts0_.title as title6_0_ from posts posts0_
Hibernate: select posts0_.id as id1_0_, posts0_.created_date as created_2_0_, posts0_.modified_date as modified3_0_, posts0_.author as author4_0_, posts0_.content as content5_0_, posts0_.title as title6_0_ from posts posts0_
Hibernate: delete from posts where id=?
Hibernate: insert into posts (created_date, modified_date, author, content, title) values (?, ?, ?, ?, ?)
Hibernate: select posts0_.id as id1_0_, posts0_.created_date as created_2_0_, posts0_.modified_date as modified3_0_, posts0_.author as author4_0_, posts0_.content as content5_0_, posts0_.title as title6_0_ from posts posts0_
>>>>>>>>>> createdDate=2020-11-30T21:00:14.791, modifiedDate=2020-11-30T21:00:14.791
Hibernate: select posts0_.id as id1_0_, posts0_.created_date as created_2_0_, posts0_.modified_date as modified3_0_, posts0_.author as author4_0_, posts0_.content as content5_0_, posts0_.title as title6_0_ from posts posts0_
Hibernate: delete from posts where id=?
]]></system-out>
  <system-err><![CDATA[]]></system-err>
</testsuite>
